<?xml version="1.0" encoding="UTF-8"?>
<testsuites name="TestSuitComplet" time="21" tests="3" failures="0" errors="0">
   <testsuite name="TestSuitComplet" tests="3" failures="0" errors="0" time="21" timestamp="2018-09-20 14:55:05" hostname="ib - WINIB-OSOON0HOE" id="Test Suites/TestSuitComplet">
      <properties>
         <property name="deviceName" value=""/>
         <property name="devicePlatform" value=""/>
         <property name="logFolder" value="C:\\Users\\ib\\Katalon Studio\\katalon_project\\Reports\\TestSuitComplet\\20180920_145459"/>
         <property name="logFiles" value="C:\\Users\\ib\\Katalon Studio\\katalon_project\\Reports\\TestSuitComplet\\20180920_145459\\execution0.log"/>
         <property name="attachments" value=""/>
         <property name="hostName" value="ib - WINIB-OSOON0HOE"/>
         <property name="os" value="Windows 10 64bit"/>
         <property name="katalonVersion" value="5.7.1.1"/>
         <property name="browser" value="Chrome 68.0.3440.106"/>
         <property name="hostAddress" value="192.168.56.1"/>
         <property name="sessionId" value="eb182adebb7ab0cce331172fbe0251ce"/>
         <property name="seleniumVersion" value="3.7.1"/>
         <property name="proxyInformation" value="ProxyInformation{proxyOption=NO_PROXY, proxyServerType=HTTP, password=, proxyServerAddress=, proxyServerPort=0}"/>
         <property name="platform" value="Windows 10"/>
      </properties>
      <testcase name="Test Cases/TestComplet" classname="Test Cases/TestComplet" status="PASSED">
         <system-out><![CDATA[2018-09-20 14:55:05 - [TEST_CASE][PASSED] - Test Cases/TestComplet: Test Cases/TestComplet

2018-09-20 14:55:05 - [TEST_STEP][PASSED] - callTestCase: Call Test Case 'Test Cases/TestHomePage' successfully

2018-09-20 14:55:05 - [TEST_CASE][PASSED] - Test Cases/TestHomePage: Test Cases/TestHomePage

2018-09-20 14:55:05 - [TEST_STEP][PASSED] - openBrowser: Browser is opened with url: ''

2018-09-20 14:55:08 - [MESSAGE][PASSED] - Browser is opened with url: ''

2018-09-20 14:55:08 - [TEST_STEP][PASSED] - navigateToUrl: Navigate to 'https://katalon-demo-cura.herokuapp.com/' successfully

2018-09-20 14:55:10 - [MESSAGE][PASSED] - Navigate to 'https://katalon-demo-cura.herokuapp.com/' successfully

2018-09-20 14:55:10 - [TEST_STEP][PASSED] - click: Object: 'Object Repository/Page_CURA Healthcare Service/a_Make Appointment' is clicked on

2018-09-20 14:55:10 - [MESSAGE][PASSED] - Object: 'Object Repository/Page_CURA Healthcare Service/a_Make Appointment' is clicked on

2018-09-20 14:55:10 - [MESSAGE][PASSED] - Call Test Case 'Test Cases/TestHomePage' successfully

2018-09-20 14:55:10 - [TEST_STEP][PASSED] - callTestCase: Call Test Case 'Test Cases/TestLoginPage' successfully

2018-09-20 14:55:10 - [TEST_CASE][PASSED] - Test Cases/TestLoginPage: Test Cases/TestLoginPage

2018-09-20 14:55:10 - [TEST_STEP][PASSED] - setText: Text 'John Doe' is set on object 'Object Repository/Page_CURA Healthcare Service/input_Username_username'

2018-09-20 14:55:10 - [MESSAGE][PASSED] - Text 'John Doe' is set on object 'Object Repository/Page_CURA Healthcare Service/input_Username_username'

2018-09-20 14:55:10 - [TEST_STEP][PASSED] - setText: Text 'ThisIsNotAPassword' is set on object 'Object Repository/Page_CURA Healthcare Service/input_Password_password'

2018-09-20 14:55:11 - [MESSAGE][PASSED] - Text 'ThisIsNotAPassword' is set on object 'Object Repository/Page_CURA Healthcare Service/input_Password_password'

2018-09-20 14:55:11 - [TEST_STEP][PASSED] - click: Object: 'Object Repository/Page_CURA Healthcare Service/button_Login' is clicked on

2018-09-20 14:55:11 - [MESSAGE][PASSED] - Object: 'Object Repository/Page_CURA Healthcare Service/button_Login' is clicked on

2018-09-20 14:55:11 - [MESSAGE][PASSED] - Call Test Case 'Test Cases/TestLoginPage' successfully

2018-09-20 14:55:11 - [TEST_STEP][PASSED] - callTestCase: Call Test Case 'Test Cases/TestAppointment' successfully

2018-09-20 14:55:11 - [TEST_CASE][PASSED] - Test Cases/TestAppointment: Test Cases/TestAppointment

2018-09-20 14:55:11 - [TEST_STEP][PASSED] - selectOptionByValue: All options with value 'Hongkong CURA Healthcare Center' are selected in object 'Object Repository/Page_CURA Healthcare Service/select_Tokyo CURA Healthcare C'  using regular expression

2018-09-20 14:55:11 - [MESSAGE][PASSED] - All options with value 'Hongkong CURA Healthcare Center' are selected in object 'Object Repository/Page_CURA Healthcare Service/select_Tokyo CURA Healthcare C'  using regular expression

2018-09-20 14:55:11 - [TEST_STEP][PASSED] - click: Object: 'Object Repository/Page_CURA Healthcare Service/label_Apply for hospital readm' is clicked on

2018-09-20 14:55:11 - [MESSAGE][PASSED] - Object: 'Object Repository/Page_CURA Healthcare Service/label_Apply for hospital readm' is clicked on

2018-09-20 14:55:11 - [TEST_STEP][PASSED] - click: Object: 'Object Repository/Page_CURA Healthcare Service/input_Medicaid_programs' is clicked on

2018-09-20 14:55:11 - [MESSAGE][PASSED] - Object: 'Object Repository/Page_CURA Healthcare Service/input_Medicaid_programs' is clicked on

2018-09-20 14:55:11 - [TEST_STEP][PASSED] - click: Object: 'Object Repository/Page_CURA Healthcare Service/span_Visit Date (Required)_gly' is clicked on

2018-09-20 14:55:12 - [MESSAGE][PASSED] - Object: 'Object Repository/Page_CURA Healthcare Service/span_Visit Date (Required)_gly' is clicked on

2018-09-20 14:55:12 - [TEST_STEP][PASSED] - click: Object: 'Object Repository/Page_CURA Healthcare Service/td_20' is clicked on

2018-09-20 14:55:12 - [MESSAGE][PASSED] - Object: 'Object Repository/Page_CURA Healthcare Service/td_20' is clicked on

2018-09-20 14:55:12 - [TEST_STEP][PASSED] - setText: Text 'comment' is set on object 'Object Repository/Page_CURA Healthcare Service/textarea_Comment_comment'

2018-09-20 14:55:12 - [MESSAGE][PASSED] - Text 'comment' is set on object 'Object Repository/Page_CURA Healthcare Service/textarea_Comment_comment'

2018-09-20 14:55:12 - [TEST_STEP][PASSED] - click: Object: 'Object Repository/Page_CURA Healthcare Service/button_Book Appointment' is clicked on

2018-09-20 14:55:12 - [MESSAGE][PASSED] - Object: 'Object Repository/Page_CURA Healthcare Service/button_Book Appointment' is clicked on

2018-09-20 14:55:12 - [MESSAGE][PASSED] - Call Test Case 'Test Cases/TestAppointment' successfully]]></system-out>
         <system-err><![CDATA[]]></system-err>
      </testcase>
      <testcase name="Test Cases/TestComplet" classname="Test Cases/TestComplet" status="PASSED">
         <system-out><![CDATA[2018-09-20 14:55:12 - [TEST_CASE][PASSED] - Test Cases/TestComplet: Test Cases/TestComplet

2018-09-20 14:55:12 - [TEST_STEP][PASSED] - callTestCase: Call Test Case 'Test Cases/TestHomePage' successfully

2018-09-20 14:55:12 - [TEST_CASE][PASSED] - Test Cases/TestHomePage: Test Cases/TestHomePage

2018-09-20 14:55:12 - [TEST_STEP][PASSED] - openBrowser: Browser is opened with url: ''

2018-09-20 14:55:12 - [MESSAGE][WARNING] - A browser is already opened. Closing browser and opening a new one

2018-09-20 14:55:15 - [MESSAGE][PASSED] - Browser is opened with url: ''

2018-09-20 14:55:15 - [TEST_STEP][PASSED] - navigateToUrl: Navigate to 'https://katalon-demo-cura.herokuapp.com/' successfully

2018-09-20 14:55:17 - [MESSAGE][PASSED] - Navigate to 'https://katalon-demo-cura.herokuapp.com/' successfully

2018-09-20 14:55:17 - [TEST_STEP][PASSED] - click: Object: 'Object Repository/Page_CURA Healthcare Service/a_Make Appointment' is clicked on

2018-09-20 14:55:17 - [MESSAGE][PASSED] - Object: 'Object Repository/Page_CURA Healthcare Service/a_Make Appointment' is clicked on

2018-09-20 14:55:17 - [MESSAGE][PASSED] - Call Test Case 'Test Cases/TestHomePage' successfully

2018-09-20 14:55:17 - [TEST_STEP][PASSED] - callTestCase: Call Test Case 'Test Cases/TestLoginPage' successfully

2018-09-20 14:55:17 - [TEST_CASE][PASSED] - Test Cases/TestLoginPage: Test Cases/TestLoginPage

2018-09-20 14:55:17 - [TEST_STEP][PASSED] - setText: Text 'John Doe' is set on object 'Object Repository/Page_CURA Healthcare Service/input_Username_username'

2018-09-20 14:55:17 - [MESSAGE][PASSED] - Text 'John Doe' is set on object 'Object Repository/Page_CURA Healthcare Service/input_Username_username'

2018-09-20 14:55:17 - [TEST_STEP][PASSED] - setText: Text 'ThisIsNotAPassword' is set on object 'Object Repository/Page_CURA Healthcare Service/input_Password_password'

2018-09-20 14:55:17 - [MESSAGE][PASSED] - Text 'ThisIsNotAPassword' is set on object 'Object Repository/Page_CURA Healthcare Service/input_Password_password'

2018-09-20 14:55:18 - [TEST_STEP][PASSED] - click: Object: 'Object Repository/Page_CURA Healthcare Service/button_Login' is clicked on

2018-09-20 14:55:18 - [MESSAGE][PASSED] - Object: 'Object Repository/Page_CURA Healthcare Service/button_Login' is clicked on

2018-09-20 14:55:18 - [MESSAGE][PASSED] - Call Test Case 'Test Cases/TestLoginPage' successfully

2018-09-20 14:55:18 - [TEST_STEP][PASSED] - callTestCase: Call Test Case 'Test Cases/TestAppointment' successfully

2018-09-20 14:55:18 - [TEST_CASE][PASSED] - Test Cases/TestAppointment: Test Cases/TestAppointment

2018-09-20 14:55:18 - [TEST_STEP][PASSED] - selectOptionByValue: All options with value 'Hongkong CURA Healthcare Center' are selected in object 'Object Repository/Page_CURA Healthcare Service/select_Tokyo CURA Healthcare C'  using regular expression

2018-09-20 14:55:18 - [MESSAGE][PASSED] - All options with value 'Hongkong CURA Healthcare Center' are selected in object 'Object Repository/Page_CURA Healthcare Service/select_Tokyo CURA Healthcare C'  using regular expression

2018-09-20 14:55:18 - [TEST_STEP][PASSED] - click: Object: 'Object Repository/Page_CURA Healthcare Service/label_Apply for hospital readm' is clicked on

2018-09-20 14:55:18 - [MESSAGE][PASSED] - Object: 'Object Repository/Page_CURA Healthcare Service/label_Apply for hospital readm' is clicked on

2018-09-20 14:55:18 - [TEST_STEP][PASSED] - click: Object: 'Object Repository/Page_CURA Healthcare Service/input_Medicaid_programs' is clicked on

2018-09-20 14:55:18 - [MESSAGE][PASSED] - Object: 'Object Repository/Page_CURA Healthcare Service/input_Medicaid_programs' is clicked on

2018-09-20 14:55:18 - [TEST_STEP][PASSED] - click: Object: 'Object Repository/Page_CURA Healthcare Service/span_Visit Date (Required)_gly' is clicked on

2018-09-20 14:55:18 - [MESSAGE][PASSED] - Object: 'Object Repository/Page_CURA Healthcare Service/span_Visit Date (Required)_gly' is clicked on

2018-09-20 14:55:18 - [TEST_STEP][PASSED] - click: Object: 'Object Repository/Page_CURA Healthcare Service/td_20' is clicked on

2018-09-20 14:55:18 - [MESSAGE][PASSED] - Object: 'Object Repository/Page_CURA Healthcare Service/td_20' is clicked on

2018-09-20 14:55:18 - [TEST_STEP][PASSED] - setText: Text 'comment' is set on object 'Object Repository/Page_CURA Healthcare Service/textarea_Comment_comment'

2018-09-20 14:55:19 - [MESSAGE][PASSED] - Text 'comment' is set on object 'Object Repository/Page_CURA Healthcare Service/textarea_Comment_comment'

2018-09-20 14:55:19 - [TEST_STEP][PASSED] - click: Object: 'Object Repository/Page_CURA Healthcare Service/button_Book Appointment' is clicked on

2018-09-20 14:55:19 - [MESSAGE][PASSED] - Object: 'Object Repository/Page_CURA Healthcare Service/button_Book Appointment' is clicked on

2018-09-20 14:55:19 - [MESSAGE][PASSED] - Call Test Case 'Test Cases/TestAppointment' successfully]]></system-out>
         <system-err><![CDATA[]]></system-err>
      </testcase>
      <testcase name="Test Cases/TestComplet" classname="Test Cases/TestComplet" status="PASSED">
         <system-out><![CDATA[2018-09-20 14:55:19 - [TEST_CASE][PASSED] - Test Cases/TestComplet: Test Cases/TestComplet

2018-09-20 14:55:19 - [TEST_STEP][PASSED] - callTestCase: Call Test Case 'Test Cases/TestHomePage' successfully

2018-09-20 14:55:19 - [TEST_CASE][PASSED] - Test Cases/TestHomePage: Test Cases/TestHomePage

2018-09-20 14:55:19 - [TEST_STEP][PASSED] - openBrowser: Browser is opened with url: ''

2018-09-20 14:55:19 - [MESSAGE][WARNING] - A browser is already opened. Closing browser and opening a new one

2018-09-20 14:55:22 - [MESSAGE][PASSED] - Browser is opened with url: ''

2018-09-20 14:55:22 - [TEST_STEP][PASSED] - navigateToUrl: Navigate to 'https://katalon-demo-cura.herokuapp.com/' successfully

2018-09-20 14:55:24 - [MESSAGE][PASSED] - Navigate to 'https://katalon-demo-cura.herokuapp.com/' successfully

2018-09-20 14:55:24 - [TEST_STEP][PASSED] - click: Object: 'Object Repository/Page_CURA Healthcare Service/a_Make Appointment' is clicked on

2018-09-20 14:55:24 - [MESSAGE][PASSED] - Object: 'Object Repository/Page_CURA Healthcare Service/a_Make Appointment' is clicked on

2018-09-20 14:55:24 - [MESSAGE][PASSED] - Call Test Case 'Test Cases/TestHomePage' successfully

2018-09-20 14:55:24 - [TEST_STEP][PASSED] - callTestCase: Call Test Case 'Test Cases/TestLoginPage' successfully

2018-09-20 14:55:24 - [TEST_CASE][PASSED] - Test Cases/TestLoginPage: Test Cases/TestLoginPage

2018-09-20 14:55:24 - [TEST_STEP][PASSED] - setText: Text 'John Doe' is set on object 'Object Repository/Page_CURA Healthcare Service/input_Username_username'

2018-09-20 14:55:24 - [MESSAGE][PASSED] - Text 'John Doe' is set on object 'Object Repository/Page_CURA Healthcare Service/input_Username_username'

2018-09-20 14:55:24 - [TEST_STEP][PASSED] - setText: Text 'ThisIsNotAPassword' is set on object 'Object Repository/Page_CURA Healthcare Service/input_Password_password'

2018-09-20 14:55:24 - [MESSAGE][PASSED] - Text 'ThisIsNotAPassword' is set on object 'Object Repository/Page_CURA Healthcare Service/input_Password_password'

2018-09-20 14:55:24 - [TEST_STEP][PASSED] - click: Object: 'Object Repository/Page_CURA Healthcare Service/button_Login' is clicked on

2018-09-20 14:55:25 - [MESSAGE][PASSED] - Object: 'Object Repository/Page_CURA Healthcare Service/button_Login' is clicked on

2018-09-20 14:55:25 - [MESSAGE][PASSED] - Call Test Case 'Test Cases/TestLoginPage' successfully

2018-09-20 14:55:25 - [TEST_STEP][PASSED] - callTestCase: Call Test Case 'Test Cases/TestAppointment' successfully

2018-09-20 14:55:25 - [TEST_CASE][PASSED] - Test Cases/TestAppointment: Test Cases/TestAppointment

2018-09-20 14:55:25 - [TEST_STEP][PASSED] - selectOptionByValue: All options with value 'Hongkong CURA Healthcare Center' are selected in object 'Object Repository/Page_CURA Healthcare Service/select_Tokyo CURA Healthcare C'  using regular expression

2018-09-20 14:55:25 - [MESSAGE][PASSED] - All options with value 'Hongkong CURA Healthcare Center' are selected in object 'Object Repository/Page_CURA Healthcare Service/select_Tokyo CURA Healthcare C'  using regular expression

2018-09-20 14:55:25 - [TEST_STEP][PASSED] - click: Object: 'Object Repository/Page_CURA Healthcare Service/label_Apply for hospital readm' is clicked on

2018-09-20 14:55:25 - [MESSAGE][PASSED] - Object: 'Object Repository/Page_CURA Healthcare Service/label_Apply for hospital readm' is clicked on

2018-09-20 14:55:25 - [TEST_STEP][PASSED] - click: Object: 'Object Repository/Page_CURA Healthcare Service/input_Medicaid_programs' is clicked on

2018-09-20 14:55:25 - [MESSAGE][PASSED] - Object: 'Object Repository/Page_CURA Healthcare Service/input_Medicaid_programs' is clicked on

2018-09-20 14:55:25 - [TEST_STEP][PASSED] - click: Object: 'Object Repository/Page_CURA Healthcare Service/span_Visit Date (Required)_gly' is clicked on

2018-09-20 14:55:25 - [MESSAGE][PASSED] - Object: 'Object Repository/Page_CURA Healthcare Service/span_Visit Date (Required)_gly' is clicked on

2018-09-20 14:55:25 - [TEST_STEP][PASSED] - click: Object: 'Object Repository/Page_CURA Healthcare Service/td_20' is clicked on

2018-09-20 14:55:25 - [MESSAGE][PASSED] - Object: 'Object Repository/Page_CURA Healthcare Service/td_20' is clicked on

2018-09-20 14:55:25 - [TEST_STEP][PASSED] - setText: Text 'comment' is set on object 'Object Repository/Page_CURA Healthcare Service/textarea_Comment_comment'

2018-09-20 14:55:25 - [MESSAGE][PASSED] - Text 'comment' is set on object 'Object Repository/Page_CURA Healthcare Service/textarea_Comment_comment'

2018-09-20 14:55:25 - [TEST_STEP][PASSED] - click: Object: 'Object Repository/Page_CURA Healthcare Service/button_Book Appointment' is clicked on

2018-09-20 14:55:26 - [MESSAGE][PASSED] - Object: 'Object Repository/Page_CURA Healthcare Service/button_Book Appointment' is clicked on

2018-09-20 14:55:26 - [MESSAGE][PASSED] - Call Test Case 'Test Cases/TestAppointment' successfully]]></system-out>
         <system-err><![CDATA[]]></system-err>
      </testcase>
      <system-out><![CDATA[2018-09-20 14:55:05 - [TEST_SUITE][PASSED] - TestSuitComplet: Test Cases/TestComplet]]></system-out>
      <system-err><![CDATA[]]></system-err>
   </testsuite>
</testsuites>
