<?xml version="1.0" encoding="UTF-8"?>
<testsuites name="TestSuit1" time="90" tests="3" failures="0" errors="0">
   <testsuite name="TestSuit1" tests="3" failures="0" errors="0" time="90" timestamp="2018-09-19 14:31:29" hostname="ib - WINIB-OSOON0HOE" id="Test Suites/TestSuit1">
      <properties>
         <property name="deviceName" value=""/>
         <property name="devicePlatform" value=""/>
         <property name="logFolder" value="C:\\Users\\ib\\Katalon Studio\\beledu\\Reports\\TestSuit1\\20180919_143123"/>
         <property name="logFiles" value="C:\\Users\\ib\\Katalon Studio\\beledu\\Reports\\TestSuit1\\20180919_143123\\execution0.log"/>
         <property name="attachments" value=""/>
         <property name="hostName" value="ib - WINIB-OSOON0HOE"/>
         <property name="os" value="Windows 10 64bit"/>
         <property name="katalonVersion" value="5.7.1.1"/>
         <property name="browser" value="Chrome 68.0.3440.106"/>
         <property name="hostAddress" value="192.168.56.1"/>
         <property name="sessionId" value="47f6f823cef8dea58152a6f5e6308dcc"/>
         <property name="seleniumVersion" value="3.7.1"/>
         <property name="proxyInformation" value="ProxyInformation{proxyOption=NO_PROXY, proxyServerType=HTTP, password=, proxyServerAddress=, proxyServerPort=0}"/>
         <property name="platform" value="Windows 10"/>
      </properties>
      <testcase name="Test Cases/TestCase2" classname="Test Cases/TestCase2" status="PASSED">
         <system-out><![CDATA[2018-09-19 14:31:30 - [TEST_CASE][PASSED] - Test Cases/TestCase2: Test Cases/TestCase2

2018-09-19 14:31:30 - [TEST_STEP][PASSED] - openBrowser: Browser is opened with url: ''

2018-09-19 14:31:33 - [MESSAGE][PASSED] - Browser is opened with url: ''

2018-09-19 14:31:33 - [TEST_STEP][PASSED] - navigateToUrl: Navigate to 'http://demoaut.katalon.com' successfully

2018-09-19 14:31:48 - [MESSAGE][PASSED] - Navigate to 'http://demoaut.katalon.com' successfully

2018-09-19 14:31:48 - [TEST_STEP][PASSED] - click: Object: 'Object Repository/Page_CURA Healthcare Service/a_Make Appointment' is clicked on

2018-09-19 14:31:49 - [MESSAGE][PASSED] - Object: 'Object Repository/Page_CURA Healthcare Service/a_Make Appointment' is clicked on

2018-09-19 14:31:49 - [TEST_STEP][PASSED] - verifyElementPresent: Object 'Object Repository/Page_CURA Healthcare Service/button_Login' is present

2018-09-19 14:31:49 - [MESSAGE][WARNING] - Timeout '0' is invalid. Using default page load timeout: '30'

2018-09-19 14:31:50 - [MESSAGE][PASSED] - Object 'Object Repository/Page_CURA Healthcare Service/button_Login' is present

2018-09-19 14:31:50 - [TEST_STEP][PASSED] - closeBrowser: Browser is closed

2018-09-19 14:31:50 - [MESSAGE][PASSED] - Browser is closed]]></system-out>
         <system-err><![CDATA[]]></system-err>
      </testcase>
      <testcase name="Test Cases/TestCase3" classname="Test Cases/TestCase3" status="PASSED">
         <system-out><![CDATA[2018-09-19 14:31:50 - [TEST_CASE][PASSED] - Test Cases/TestCase3: Test Cases/TestCase3

2018-09-19 14:31:50 - [TEST_STEP][PASSED] - openBrowser: Browser is opened with url: 'null'

2018-09-19 14:31:52 - [MESSAGE][PASSED] - Browser is opened with url: 'null'

2018-09-19 14:31:52 - [TEST_STEP][PASSED] - navigateToUrl: Navigate to 'http://demoaut.katalon.com' successfully

2018-09-19 14:32:03 - [MESSAGE][PASSED] - Navigate to 'http://demoaut.katalon.com' successfully

2018-09-19 14:32:03 - [TEST_STEP][PASSED] - verifyElementPresent: Object 'Object Repository/Page_CURA Healthcare Service/a_Make Appointment' is present

2018-09-19 14:32:03 - [MESSAGE][WARNING] - Timeout '0' is invalid. Using default page load timeout: '30'

2018-09-19 14:32:03 - [MESSAGE][PASSED] - Object 'Object Repository/Page_CURA Healthcare Service/a_Make Appointment' is present

2018-09-19 14:32:03 - [TEST_STEP][PASSED] - click: Object: 'Object Repository/Page_CURA Healthcare Service/a_Make Appointment' is clicked on

2018-09-19 14:32:04 - [MESSAGE][PASSED] - Object: 'Object Repository/Page_CURA Healthcare Service/a_Make Appointment' is clicked on

2018-09-19 14:32:04 - [TEST_STEP][PASSED] - click: Object: 'Object Repository/Page_CURA Healthcare Service/input_Username_username' is clicked on

2018-09-19 14:32:04 - [MESSAGE][PASSED] - Object: 'Object Repository/Page_CURA Healthcare Service/input_Username_username' is clicked on

2018-09-19 14:32:04 - [TEST_STEP][PASSED] - click: Object: 'Object Repository/Page_CURA Healthcare Service/input_Password_password' is clicked on

2018-09-19 14:32:04 - [MESSAGE][PASSED] - Object: 'Object Repository/Page_CURA Healthcare Service/input_Password_password' is clicked on

2018-09-19 14:32:04 - [TEST_STEP][PASSED] - click: Object: 'Object Repository/Page_CURA Healthcare Service/button_Login' is clicked on

2018-09-19 14:32:06 - [MESSAGE][PASSED] - Object: 'Object Repository/Page_CURA Healthcare Service/button_Login' is clicked on

2018-09-19 14:32:06 - [TEST_STEP][PASSED] - closeBrowser: Browser is closed

2018-09-19 14:32:06 - [MESSAGE][PASSED] - Browser is closed]]></system-out>
         <system-err><![CDATA[]]></system-err>
      </testcase>
      <testcase name="Test Cases/TestCase1" classname="Test Cases/TestCase1" status="PASSED">
         <system-out><![CDATA[2018-09-19 14:32:06 - [TEST_CASE][PASSED] - Test Cases/TestCase1: Test Cases/TestCase1

2018-09-19 14:32:06 - [TEST_STEP][PASSED] - openBrowser: Browser is opened with url: ''

2018-09-19 14:32:09 - [MESSAGE][PASSED] - Browser is opened with url: ''

2018-09-19 14:32:09 - [TEST_STEP][PASSED] - navigateToUrl: Navigate to 'https://katalon-demo-cura.herokuapp.com/' successfully

2018-09-19 14:32:25 - [MESSAGE][PASSED] - Navigate to 'https://katalon-demo-cura.herokuapp.com/' successfully

2018-09-19 14:32:25 - [TEST_STEP][PASSED] - Statement - switch (true): null

2018-09-19 14:32:25 - [TEST_STEP][PASSED] - Statement - case true:: null

2018-09-19 14:32:25 - [TEST_STEP][PASSED] - Statement - Break: null

2018-09-19 14:32:25 - [TEST_STEP][PASSED] - openBrowser: Browser is opened with url: ''

2018-09-19 14:32:25 - [MESSAGE][WARNING] - A browser is already opened. Closing browser and opening a new one

2018-09-19 14:32:28 - [MESSAGE][PASSED] - Browser is opened with url: ''

2018-09-19 14:32:28 - [TEST_STEP][PASSED] - navigateToUrl: Navigate to 'https://katalon-demo-cura.herokuapp.com/' successfully

2018-09-19 14:32:50 - [MESSAGE][PASSED] - Navigate to 'https://katalon-demo-cura.herokuapp.com/' successfully

2018-09-19 14:32:50 - [TEST_STEP][PASSED] - click: Object: 'Object Repository/Page_CURA Healthcare Service/a_Make Appointment' is clicked on

2018-09-19 14:32:53 - [MESSAGE][PASSED] - Object: 'Object Repository/Page_CURA Healthcare Service/a_Make Appointment' is clicked on

2018-09-19 14:32:53 - [TEST_STEP][PASSED] - setText: Text 'John Doe' is set on object 'Object Repository/Page_CURA Healthcare Service/input_Username_username'

2018-09-19 14:32:53 - [MESSAGE][PASSED] - Text 'John Doe' is set on object 'Object Repository/Page_CURA Healthcare Service/input_Username_username'

2018-09-19 14:32:53 - [TEST_STEP][PASSED] - setEncryptedText: Text ****** has been set on object 'Object Repository/Page_CURA Healthcare Service/input_Password_password'

2018-09-19 14:32:53 - [MESSAGE][PASSED] - Text ****** has been set on object 'Object Repository/Page_CURA Healthcare Service/input_Password_password'

2018-09-19 14:32:53 - [TEST_STEP][PASSED] - click: Object: 'Object Repository/Page_CURA Healthcare Service/button_Login' is clicked on

2018-09-19 14:32:56 - [MESSAGE][PASSED] - Object: 'Object Repository/Page_CURA Healthcare Service/button_Login' is clicked on

2018-09-19 14:32:56 - [TEST_STEP][PASSED] - selectOptionByValue: All options with value 'Hongkong CURA Healthcare Center' are selected in object 'Object Repository/Page_CURA Healthcare Service/select_Tokyo CURA Healthcare C'  using regular expression

2018-09-19 14:32:56 - [MESSAGE][PASSED] - All options with value 'Hongkong CURA Healthcare Center' are selected in object 'Object Repository/Page_CURA Healthcare Service/select_Tokyo CURA Healthcare C'  using regular expression

2018-09-19 14:32:56 - [TEST_STEP][PASSED] - click: Object: 'Object Repository/Page_CURA Healthcare Service/label_Apply for hospital readm' is clicked on

2018-09-19 14:32:56 - [MESSAGE][PASSED] - Object: 'Object Repository/Page_CURA Healthcare Service/label_Apply for hospital readm' is clicked on

2018-09-19 14:32:56 - [TEST_STEP][PASSED] - click: Object: 'Object Repository/Page_CURA Healthcare Service/input_Medicaid_programs' is clicked on

2018-09-19 14:32:56 - [MESSAGE][PASSED] - Object: 'Object Repository/Page_CURA Healthcare Service/input_Medicaid_programs' is clicked on

2018-09-19 14:32:56 - [TEST_STEP][PASSED] - click: Object: 'Object Repository/Page_CURA Healthcare Service/span_Visit Date (Required)_gly' is clicked on

2018-09-19 14:32:56 - [MESSAGE][PASSED] - Object: 'Object Repository/Page_CURA Healthcare Service/span_Visit Date (Required)_gly' is clicked on

2018-09-19 14:32:56 - [TEST_STEP][PASSED] - click: Object: 'Object Repository/Page_CURA Healthcare Service/td_20' is clicked on

2018-09-19 14:32:56 - [MESSAGE][PASSED] - Object: 'Object Repository/Page_CURA Healthcare Service/td_20' is clicked on

2018-09-19 14:32:56 - [TEST_STEP][PASSED] - setText: Text 'comment' is set on object 'Object Repository/Page_CURA Healthcare Service/textarea_Comment_comment'

2018-09-19 14:32:57 - [MESSAGE][PASSED] - Text 'comment' is set on object 'Object Repository/Page_CURA Healthcare Service/textarea_Comment_comment'

2018-09-19 14:32:57 - [TEST_STEP][PASSED] - click: Object: 'Object Repository/Page_CURA Healthcare Service/button_Book Appointment' is clicked on

2018-09-19 14:32:59 - [MESSAGE][PASSED] - Object: 'Object Repository/Page_CURA Healthcare Service/button_Book Appointment' is clicked on

2018-09-19 14:32:59 - [TEST_STEP][PASSED] - closeBrowser: Browser is closed

2018-09-19 14:32:59 - [MESSAGE][PASSED] - Browser is closed]]></system-out>
         <system-err><![CDATA[]]></system-err>
      </testcase>
      <system-out><![CDATA[2018-09-19 14:31:29 - [TEST_SUITE][PASSED] - TestSuit1: Test Cases/TestCase1]]></system-out>
      <system-err><![CDATA[]]></system-err>
   </testsuite>
</testsuites>
