<?xml version="1.0" encoding="UTF-8"?>
<testsuites name="TestSuit1" time="15" tests="2" failures="0" errors="0">
   <testsuite name="TestSuit1" tests="2" failures="0" errors="0" time="15" timestamp="2018-09-19 14:27:36" hostname="ib - WINIB-OSOON0HOE" id="Test Suites/TestSuit1">
      <properties>
         <property name="deviceName" value=""/>
         <property name="devicePlatform" value=""/>
         <property name="logFolder" value="C:\\Users\\ib\\Katalon Studio\\beledu\\Reports\\TestSuit1\\20180919_142730"/>
         <property name="logFiles" value="C:\\Users\\ib\\Katalon Studio\\beledu\\Reports\\TestSuit1\\20180919_142730\\execution0.log"/>
         <property name="attachments" value=""/>
         <property name="hostName" value="ib - WINIB-OSOON0HOE"/>
         <property name="os" value="Windows 10 64bit"/>
         <property name="katalonVersion" value="5.7.1.1"/>
         <property name="browser" value="Chrome 68.0.3440.106"/>
         <property name="hostAddress" value="192.168.56.1"/>
         <property name="sessionId" value="bc3a1c740067bd47f7fb252cf82f503f"/>
         <property name="seleniumVersion" value="3.7.1"/>
         <property name="proxyInformation" value="ProxyInformation{proxyOption=NO_PROXY, proxyServerType=HTTP, password=, proxyServerAddress=, proxyServerPort=0}"/>
         <property name="platform" value="Windows 10"/>
      </properties>
      <testcase name="Test Cases/TestCase2" classname="Test Cases/TestCase2" status="PASSED">
         <system-out><![CDATA[2018-09-19 14:27:36 - [TEST_CASE][PASSED] - Test Cases/TestCase2: Test Cases/TestCase2

2018-09-19 14:27:36 - [TEST_STEP][PASSED] - openBrowser: Browser is opened with url: ''

2018-09-19 14:27:40 - [MESSAGE][PASSED] - Browser is opened with url: ''

2018-09-19 14:27:40 - [TEST_STEP][PASSED] - navigateToUrl: Navigate to 'http://demoaut.katalon.com' successfully

2018-09-19 14:27:43 - [MESSAGE][PASSED] - Navigate to 'http://demoaut.katalon.com' successfully

2018-09-19 14:27:43 - [TEST_STEP][PASSED] - click: Object: 'Object Repository/Page_CURA Healthcare Service/a_Make Appointment' is clicked on

2018-09-19 14:27:44 - [MESSAGE][PASSED] - Object: 'Object Repository/Page_CURA Healthcare Service/a_Make Appointment' is clicked on

2018-09-19 14:27:44 - [TEST_STEP][PASSED] - verifyElementPresent: Object 'Object Repository/Page_CURA Healthcare Service/button_Login' is present

2018-09-19 14:27:44 - [MESSAGE][WARNING] - Timeout '0' is invalid. Using default page load timeout: '30'

2018-09-19 14:27:44 - [MESSAGE][PASSED] - Object 'Object Repository/Page_CURA Healthcare Service/button_Login' is present

2018-09-19 14:27:44 - [TEST_STEP][PASSED] - closeBrowser: Browser is closed

2018-09-19 14:27:45 - [MESSAGE][PASSED] - Browser is closed]]></system-out>
         <system-err><![CDATA[]]></system-err>
      </testcase>
      <testcase name="Test Cases/TestCase3" classname="Test Cases/TestCase3" status="PASSED">
         <system-out><![CDATA[2018-09-19 14:27:45 - [TEST_CASE][PASSED] - Test Cases/TestCase3: Test Cases/TestCase3

2018-09-19 14:27:45 - [TEST_STEP][PASSED] - openBrowser: Browser is opened with url: 'null'

2018-09-19 14:27:47 - [MESSAGE][PASSED] - Browser is opened with url: 'null'

2018-09-19 14:27:47 - [TEST_STEP][PASSED] - navigateToUrl: Navigate to 'http://demoaut.katalon.com' successfully

2018-09-19 14:27:49 - [MESSAGE][PASSED] - Navigate to 'http://demoaut.katalon.com' successfully

2018-09-19 14:27:49 - [TEST_STEP][PASSED] - verifyElementPresent: Object 'Object Repository/Page_CURA Healthcare Service/a_Make Appointment' is present

2018-09-19 14:27:49 - [MESSAGE][WARNING] - Timeout '0' is invalid. Using default page load timeout: '30'

2018-09-19 14:27:49 - [MESSAGE][PASSED] - Object 'Object Repository/Page_CURA Healthcare Service/a_Make Appointment' is present

2018-09-19 14:27:49 - [TEST_STEP][PASSED] - click: Object: 'Object Repository/Page_CURA Healthcare Service/a_Make Appointment' is clicked on

2018-09-19 14:27:50 - [MESSAGE][PASSED] - Object: 'Object Repository/Page_CURA Healthcare Service/a_Make Appointment' is clicked on

2018-09-19 14:27:50 - [TEST_STEP][PASSED] - click: Object: 'Object Repository/Page_CURA Healthcare Service/input_Username_username' is clicked on

2018-09-19 14:27:50 - [MESSAGE][PASSED] - Object: 'Object Repository/Page_CURA Healthcare Service/input_Username_username' is clicked on

2018-09-19 14:27:50 - [TEST_STEP][PASSED] - click: Object: 'Object Repository/Page_CURA Healthcare Service/input_Password_password' is clicked on

2018-09-19 14:27:50 - [MESSAGE][PASSED] - Object: 'Object Repository/Page_CURA Healthcare Service/input_Password_password' is clicked on

2018-09-19 14:27:50 - [TEST_STEP][PASSED] - click: Object: 'Object Repository/Page_CURA Healthcare Service/button_Login' is clicked on

2018-09-19 14:27:50 - [MESSAGE][PASSED] - Object: 'Object Repository/Page_CURA Healthcare Service/button_Login' is clicked on

2018-09-19 14:27:50 - [TEST_STEP][PASSED] - closeBrowser: Browser is closed

2018-09-19 14:27:51 - [MESSAGE][PASSED] - Browser is closed]]></system-out>
         <system-err><![CDATA[]]></system-err>
      </testcase>
      <system-out><![CDATA[2018-09-19 14:27:36 - [TEST_SUITE][PASSED] - TestSuit1: Test Cases/TestCase3]]></system-out>
      <system-err><![CDATA[]]></system-err>
   </testsuite>
</testsuites>
